platforms/android/app/build/outputs/logs/manifest-merger-release-report.txt
-- Merging decision tree log ---
provider#org.apache.cordova.camera.FileProvider
INJECTED from src\main\AndroidManifest.xml:28:9-30:20
	android:grantUriPermissions
		ADDED from src\main\AndroidManifest.xml:28:92-126
	android:authorities
		INJECTED from src\main\AndroidManifest.xml
		ADDED from src\main\AndroidManifest.xml:28:19-66
	android:exported
		ADDED from src\main\AndroidManifest.xml:28:67-91
	android:name
		ADDED from src\main\AndroidManifest.xml:28:127-180
provider#nl.xservices.plugins.FileProvider
INJECTED from src\main\AndroidManifest.xml:36:9-38:20
	android:grantUriPermissions
		ADDED from src\main\AndroidManifest.xml:36:100-134
	android:authorities
		INJECTED from src\main\AndroidManifest.xml
		ADDED from src\main\AndroidManifest.xml:36:19-74
	android:exported
		ADDED from src\main\AndroidManifest.xml:36:75-99
	android:name
		ADDED from src\main\AndroidManifest.xml:36:135-183
manifest
ADDED from src\main\AndroidManifest.xml:2:1-65:12
INJECTED from src\main\AndroidManifest.xml:2:1-65:12
INJECTED from src\main\AndroidManifest.xml:2:1-65:12
INJECTED from src\main\AndroidManifest.xml:2:1-65:12
MERGED from [com.facebook.android:facebook-android-sdk:5.13.0] AndroidManifest.xml:21:1-31:12
MERGED from [com.facebook.android:facebook-login:5.13.0] AndroidManifest.xml:21:1-31:12
MERGED from [com.facebook.android:facebook-share:5.13.0] AndroidManifest.xml:21:1-31:12
MERGED from [com.facebook.android:facebook-common:5.13.0] AndroidManifest.xml:21:1-37:12
MERGED from [com.android.support:appcompat-v7:27.1.1] AndroidManifest.xml:17:1-22:12
MERGED from [com.onesignal:OneSignal:3.12.4] AndroidManifest.xml:2:1-106:12
MERGED from [com.google.android.gms:play-services-auth:15.0.1] AndroidManifest.xml:17:1-39:12
MERGED from [com.google.android.gms:play-services-identity:15.0.1] AndroidManifest.xml:17:1-24:12
MERGED from [com.google.firebase:firebase-messaging:17.3.3] AndroidManifest.xml:17:1-37:12
MERGED from [com.google.android.gms:play-services-ads-identifier:16.0.0] AndroidManifest.xml:17:1-24:12
MERGED from [com.google.android.gms:play-services-auth-api-phone:15.0.1] AndroidManifest.xml:2:1-7:12
MERGED from [com.google.android.gms:play-services-auth-base:15.0.1] AndroidManifest.xml:2:1-7:12
MERGED from [com.google.firebase:firebase-iid:17.0.3] AndroidManifest.xml:17:1-59:12
MERGED from [com.google.firebase:firebase-common:16.0.3] AndroidManifest.xml:2:1-17:12
MERGED from [com.google.firebase:firebase-measurement-connector:17.0.1] AndroidManifest.xml:17:1-25:12
MERGED from [com.google.android.gms:play-services-stats:16.0.1] AndroidManifest.xml:2:1-9:12
MERGED from [com.google.firebase:firebase-iid-interop:16.0.1] AndroidManifest.xml:2:1-10:12
MERGED from [com.google.android.gms:play-services-location:16.0.0] AndroidManifest.xml:2:1-9:12
MERGED from [com.google.android.gms:play-services-places-placereport:16.0.0] AndroidManifest.xml:17:1-24:12
MERGED from [com.google.android.gms:play-services-base:16.0.1] AndroidManifest.xml:17:1-29:12
MERGED from [com.google.android.gms:play-services-tasks:16.0.1] AndroidManifest.xml:2:1-9:12
MERGED from [com.google.android.gms:play-services-basement:16.0.1] AndroidManifest.xml:17:1-28:12
MERGED from [com.android.support:support-v4:27.1.1] AndroidManifest.xml:17:1-22:12
MERGED from [com.android.support:support-media-compat:27.1.1] AndroidManifest.xml:17:1-22:12
MERGED from [com.android.support:support-fragment:27.1.1] AndroidManifest.xml:17:1-22:12
MERGED from [com.android.support:animated-vector-drawable:27.1.1] AndroidManifest.xml:17:1-22:12
MERGED from [com.android.support:customtabs:27.1.1] AndroidManifest.xml:17:1-22:12
MERGED from [com.android.support:support-core-ui:27.1.1] AndroidManifest.xml:17:1-22:12
MERGED from [com.facebook.android:facebook-places:5.13.0] AndroidManifest.xml:21:1-31:12
MERGED from [com.facebook.android:facebook-applinks:5.13.0] AndroidManifest.xml:21:1-31:12
MERGED from [com.facebook.android:facebook-messenger:5.13.0] AndroidManifest.xml:21:1-31:12
MERGED from [com.facebook.android:facebook-core:5.13.0] AndroidManifest.xml:21:1-61:12
MERGED from [com.android.support:support-core-utils:27.1.1] AndroidManifest.xml:17:1-22:12
MERGED from [com.android.support:support-vector-drawable:27.1.1] AndroidManifest.xml:17:1-22:12
MERGED from [com.android.support:support-compat:27.1.1] AndroidManifest.xml:17:1-22:12
MERGED from [com.android.support:cardview-v7:27.1.1] AndroidManifest.xml:17:1-22:12
MERGED from [:CordovaLib] AndroidManifest.xml:20:1-27:12
MERGED from [android.arch.lifecycle:runtime:1.1.0] AndroidManifest.xml:17:1-22:12
MERGED from [android.arch.lifecycle:livedata-core:1.1.0] AndroidManifest.xml:17:1-22:12
MERGED from [android.arch.lifecycle:viewmodel:1.1.0] AndroidManifest.xml:17:1-22:12
MERGED from [android.arch.core:runtime:1.1.0] AndroidManifest.xml:17:1-22:12
INJECTED from src\main\AndroidManifest.xml:2:1-65:12
INJECTED from src\main\AndroidManifest.xml:2:1-65:12
INJECTED from src\main\AndroidManifest.xml:2:1-65:12
	package
		ADDED from src\main\AndroidManifest.xml:2:100-131
		INJECTED from src\main\AndroidManifest.xml
		INJECTED from src\main\AndroidManifest.xml
	android:versionName
		ADDED from src\main\AndroidManifest.xml:2:74-99
		INJECTED from src\main\AndroidManifest.xml
		INJECTED from src\main\AndroidManifest.xml
	android:hardwareAccelerated
		ADDED from src\main\AndroidManifest.xml:2:11-45
	xmlns:android
		ADDED from src\main\AndroidManifest.xml:2:132-190
	android:versionCode
		ADDED from src\main\AndroidManifest.xml:2:46-73
		INJECTED from src\main\AndroidManifest.xml
		INJECTED from src\main\AndroidManifest.xml
supports-screens
ADDED from src\main\AndroidManifest.xml:3:5-191
	android:largeScreens
		ADDED from src\main\AndroidManifest.xml:3:49-76
	android:smallScreens
		ADDED from src\main\AndroidManifest.xml:3:132-159
	android:normalScreens
		ADDED from src\main\AndroidManifest.xml:3:77-105
	android:xlargeScreens
		ADDED from src\main\AndroidManifest.xml:3:160-188
	android:resizeable
		ADDED from src\main\AndroidManifest.xml:3:106-131
	android:anyDensity
		ADDED from src\main\AndroidManifest.xml:3:23-48
uses-permission#android.permission.INTERNET
ADDED from src\main\AndroidManifest.xml:4:5-67
MERGED from [com.onesignal:OneSignal:3.12.4] AndroidManifest.xml:16:5-67
MERGED from [com.onesignal:OneSignal:3.12.4] AndroidManifest.xml:16:5-67
MERGED from [com.google.firebase:firebase-iid:17.0.3] AndroidManifest.xml:23:5-67
MERGED from [com.google.firebase:firebase-iid:17.0.3] AndroidManifest.xml:23:5-67
	android:name
		ADDED from src\main\AndroidManifest.xml:4:22-64
application
ADDED from src\main\AndroidManifest.xml:5:5-52:19
MERGED from [com.facebook.android:facebook-android-sdk:5.13.0] AndroidManifest.xml:28:5-29:19
MERGED from [com.facebook.android:facebook-android-sdk:5.13.0] AndroidManifest.xml:28:5-29:19
MERGED from [com.facebook.android:facebook-login:5.13.0] AndroidManifest.xml:28:5-29:19
MERGED from [com.facebook.android:facebook-login:5.13.0] AndroidManifest.xml:28:5-29:19
MERGED from [com.facebook.android:facebook-share:5.13.0] AndroidManifest.xml:28:5-29:19
MERGED from [com.facebook.android:facebook-share:5.13.0] AndroidManifest.xml:28:5-29:19
MERGED from [com.facebook.android:facebook-common:5.13.0] AndroidManifest.xml:28:5-35:19
MERGED from [com.facebook.android:facebook-common:5.13.0] AndroidManifest.xml:28:5-35:19
MERGED from [com.onesignal:OneSignal:3.12.4] AndroidManifest.xml:48:5-104:19
MERGED from [com.onesignal:OneSignal:3.12.4] AndroidManifest.xml:48:5-104:19
MERGED from [com.google.android.gms:play-services-auth:15.0.1] AndroidManifest.xml:22:5-37:19
MERGED from [com.google.android.gms:play-services-auth:15.0.1] AndroidManifest.xml:22:5-37:19
MERGED from [com.google.android.gms:play-services-identity:15.0.1] AndroidManifest.xml:22:5-20
MERGED from [com.google.android.gms:play-services-identity:15.0.1] AndroidManifest.xml:22:5-20
MERGED from [com.google.firebase:firebase-messaging:17.3.3] AndroidManifest.xml:22:5-35:19
MERGED from [com.google.firebase:firebase-messaging:17.3.3] AndroidManifest.xml:22:5-35:19
MERGED from [com.google.android.gms:play-services-ads-identifier:16.0.0] AndroidManifest.xml:22:5-20
MERGED from [com.google.android.gms:play-services-ads-identifier:16.0.0] AndroidManifest.xml:22:5-20
MERGED from [com.google.firebase:firebase-iid:17.0.3] AndroidManifest.xml:28:5-57:19
MERGED from [com.google.firebase:firebase-iid:17.0.3] AndroidManifest.xml:28:5-57:19
MERGED from [com.google.firebase:firebase-common:16.0.3] AndroidManifest.xml:9:5-15:19
MERGED from [com.google.firebase:firebase-common:16.0.3] AndroidManifest.xml:9:5-15:19
MERGED from [com.google.firebase:firebase-measurement-connector:17.0.1] AndroidManifest.xml:22:5-23:19
MERGED from [com.google.firebase:firebase-measurement-connector:17.0.1] AndroidManifest.xml:22:5-23:19
MERGED from [com.google.android.gms:play-services-stats:16.0.1] AndroidManifest.xml:7:5-20
MERGED from [com.google.android.gms:play-services-stats:16.0.1] AndroidManifest.xml:7:5-20
MERGED from [com.google.firebase:firebase-iid-interop:16.0.1] AndroidManifest.xml:7:5-8:19
MERGED from [com.google.firebase:firebase-iid-interop:16.0.1] AndroidManifest.xml:7:5-8:19
MERGED from [com.google.android.gms:play-services-location:16.0.0] AndroidManifest.xml:7:5-20
MERGED from [com.google.android.gms:play-services-location:16.0.0] AndroidManifest.xml:7:5-20
MERGED from [com.google.android.gms:play-services-places-placereport:16.0.0] AndroidManifest.xml:22:5-20
MERGED from [com.google.android.gms:play-services-places-placereport:16.0.0] AndroidManifest.xml:22:5-20
MERGED from [com.google.android.gms:play-services-base:16.0.1] AndroidManifest.xml:22:5-27:19
MERGED from [com.google.android.gms:play-services-base:16.0.1] AndroidManifest.xml:22:5-27:19
MERGED from [com.google.android.gms:play-services-tasks:16.0.1] AndroidManifest.xml:7:5-20
MERGED from [com.google.android.gms:play-services-tasks:16.0.1] AndroidManifest.xml:7:5-20
MERGED from [com.google.android.gms:play-services-basement:16.0.1] AndroidManifest.xml:22:5-26:19
MERGED from [com.google.android.gms:play-services-basement:16.0.1] AndroidManifest.xml:22:5-26:19
MERGED from [com.facebook.android:facebook-places:5.13.0] AndroidManifest.xml:28:5-29:19
MERGED from [com.facebook.android:facebook-places:5.13.0] AndroidManifest.xml:28:5-29:19
MERGED from [com.facebook.android:facebook-applinks:5.13.0] AndroidManifest.xml:28:5-29:19
MERGED from [com.facebook.android:facebook-applinks:5.13.0] AndroidManifest.xml:28:5-29:19
MERGED from [com.facebook.android:facebook-messenger:5.13.0] AndroidManifest.xml:28:5-29:19
MERGED from [com.facebook.android:facebook-messenger:5.13.0] AndroidManifest.xml:28:5-29:19
MERGED from [com.facebook.android:facebook-core:5.13.0] AndroidManifest.xml:28:5-59:19
MERGED from [com.facebook.android:facebook-core:5.13.0] AndroidManifest.xml:28:5-59:19
	android:supportsRtl
		ADDED from src\main\AndroidManifest.xml:5:175-201
	android:label
		ADDED from src\main\AndroidManifest.xml:5:81-113
	android:hardwareAccelerated
		ADDED from src\main\AndroidManifest.xml:5:18-52
	android:icon
		ADDED from src\main\AndroidManifest.xml:5:53-80
	android:networkSecurityConfig
		ADDED from src\main\AndroidManifest.xml:5:114-174
activity#com.gowebbi.v27market.MainActivity
ADDED from src\main\AndroidManifest.xml:6:9-27:20
	android:label
		ADDED from src\main\AndroidManifest.xml:6:97-134
	android:launchMode
		ADDED from src\main\AndroidManifest.xml:6:135-165
	android:windowSoftInputMode
		ADDED from src\main\AndroidManifest.xml:6:257-299
	android:configChanges
		ADDED from src\main\AndroidManifest.xml:6:19-96
	android:theme
		ADDED from src\main\AndroidManifest.xml:6:194-256
	android:name
		ADDED from src\main\AndroidManifest.xml:6:166-193
intent-filter#android.intent.action.MAIN+android.intent.category.LAUNCHER
ADDED from src\main\AndroidManifest.xml:7:13-10:29
	android:label
		ADDED from src\main\AndroidManifest.xml:7:28-65
action#android.intent.action.MAIN
ADDED from src\main\AndroidManifest.xml:8:17-69
	android:name
		ADDED from src\main\AndroidManifest.xml:8:25-66
category#android.intent.category.LAUNCHER
ADDED from src\main\AndroidManifest.xml:9:17-77
	android:name
		ADDED from src\main\AndroidManifest.xml:9:27-74
intent-filter#android.intent.action.VIEW+android.intent.category.BROWSABLE+android.intent.category.DEFAULT
ADDED from src\main\AndroidManifest.xml:11:13-16:29
	android:autoVerify
		ADDED from src\main\AndroidManifest.xml:17:28-53
action#android.intent.action.VIEW
ADDED from src\main\AndroidManifest.xml:12:17-69
	android:name
		ADDED from src\main\AndroidManifest.xml:12:25-66
category#android.intent.category.DEFAULT
ADDED from src\main\AndroidManifest.xml:13:17-76
	android:name
		ADDED from src\main\AndroidManifest.xml:13:27-73
category#android.intent.category.BROWSABLE
ADDED from src\main\AndroidManifest.xml:14:17-78
	android:name
		ADDED from src\main\AndroidManifest.xml:14:27-75
data
ADDED from src\main\AndroidManifest.xml:15:17-50
	android:host
		ADDED from src\main\AndroidManifest.xml:21:23-51
	android:scheme
		ADDED from src\main\AndroidManifest.xml:15:23-47
	android:pathPrefix
		ADDED from src\main\AndroidManifest.xml:21:52-74
receiver#nl.xservices.plugins.ShareChooserPendingIntent
ADDED from src\main\AndroidManifest.xml:31:9-35:20
	android:enabled
		ADDED from src\main\AndroidManifest.xml:31:19-41
	android:name
		ADDED from src\main\AndroidManifest.xml:31:42-103
intent-filter#android.intent.action.SEND
ADDED from src\main\AndroidManifest.xml:32:13-34:29
action#android.intent.action.SEND
ADDED from src\main\AndroidManifest.xml:33:17-69
	android:name
		ADDED from src\main\AndroidManifest.xml:33:25-66
activity#com.synconset.MultiImageChooserActivity
ADDED from src\main\AndroidManifest.xml:39:9-160
	android:label
		ADDED from src\main\AndroidManifest.xml:39:19-57
	android:theme
		ADDED from src\main\AndroidManifest.xml:39:113-157
	android:name
		ADDED from src\main\AndroidManifest.xml:39:58-112
amazon:enable-feature
ADDED from src\main\AndroidManifest.xml:40:9-159
	xmlns:amazon
		ADDED from src\main\AndroidManifest.xml:40:100-156
	android:required
		ADDED from src\main\AndroidManifest.xml:40:75-99
	android:name
		ADDED from src\main\AndroidManifest.xml:40:32-74
service#com.onesignal.ADMMessageHandler
ADDED from src\main\AndroidManifest.xml:41:9-92
	android:exported
		ADDED from src\main\AndroidManifest.xml:41:18-42
	android:name
		ADDED from src\main\AndroidManifest.xml:41:43-89
receiver#com.onesignal.ADMMessageHandler$Receiver
ADDED from src\main\AndroidManifest.xml:42:9-48:20
	android:permission
		ADDED from src\main\AndroidManifest.xml:42:75-139
	android:name
		ADDED from src\main\AndroidManifest.xml:42:19-74
intent-filter#com.amazon.device.messaging.intent.RECEIVE+com.amazon.device.messaging.intent.REGISTRATION+com.gowebbi.v27market
ADDED from src\main\AndroidManifest.xml:43:13-47:29
action#com.amazon.device.messaging.intent.REGISTRATION
ADDED from src\main\AndroidManifest.xml:44:17-90
	android:name
		ADDED from src\main\AndroidManifest.xml:44:25-87
action#com.amazon.device.messaging.intent.RECEIVE
ADDED from src\main\AndroidManifest.xml:45:17-85
	android:name
		ADDED from src\main\AndroidManifest.xml:45:25-82
category#com.gowebbi.v27market
ADDED from src\main\AndroidManifest.xml:46:17-66
	android:name
		ADDED from src\main\AndroidManifest.xml:46:27-63
meta-data#com.facebook.sdk.ApplicationId
ADDED from src\main\AndroidManifest.xml:49:9-102
	android:value
		ADDED from src\main\AndroidManifest.xml:49:66-99
	android:name
		ADDED from src\main\AndroidManifest.xml:49:20-65
meta-data#com.facebook.sdk.ApplicationName
ADDED from src\main\AndroidManifest.xml:50:9-106
	android:value
		ADDED from src\main\AndroidManifest.xml:50:68-103
	android:name
		ADDED from src\main\AndroidManifest.xml:50:20-67
activity#com.facebook.FacebookActivity
ADDED from src\main\AndroidManifest.xml:51:9-186
MERGED from [com.facebook.android:facebook-common:5.13.0] AndroidManifest.xml:29:9-32:66
MERGED from [com.facebook.android:facebook-common:5.13.0] AndroidManifest.xml:29:9-32:66
	android:label
		ADDED from src\main\AndroidManifest.xml:51:103-138
	android:configChanges
		ADDED from src\main\AndroidManifest.xml:51:19-102
	android:theme
		ADDED from [com.facebook.android:facebook-common:5.13.0] AndroidManifest.xml:32:13-63
	android:name
		ADDED from src\main\AndroidManifest.xml:51:139-183
uses-sdk
ADDED from src\main\AndroidManifest.xml:53:5-74
INJECTED from src\main\AndroidManifest.xml:53:5-74
MERGED from [com.facebook.android:facebook-android-sdk:5.13.0] AndroidManifest.xml:24:5-26:41
MERGED from [com.facebook.android:facebook-android-sdk:5.13.0] AndroidManifest.xml:24:5-26:41
MERGED from [com.facebook.android:facebook-login:5.13.0] AndroidManifest.xml:24:5-26:41
MERGED from [com.facebook.android:facebook-login:5.13.0] AndroidManifest.xml:24:5-26:41
MERGED from [com.facebook.android:facebook-share:5.13.0] AndroidManifest.xml:24:5-26:41
MERGED from [com.facebook.android:facebook-share:5.13.0] AndroidManifest.xml:24:5-26:41
MERGED from [com.facebook.android:facebook-common:5.13.0] AndroidManifest.xml:24:5-26:41
MERGED from [com.facebook.android:facebook-common:5.13.0] AndroidManifest.xml:24:5-26:41
MERGED from [com.android.support:appcompat-v7:27.1.1] AndroidManifest.xml:20:5-44
MERGED from [com.android.support:appcompat-v7:27.1.1] AndroidManifest.xml:20:5-44
MERGED from [com.onesignal:OneSignal:3.12.4] AndroidManifest.xml:4:5-44
MERGED from [com.onesignal:OneSignal:3.12.4] AndroidManifest.xml:4:5-44
MERGED from [com.google.android.gms:play-services-auth:15.0.1] AndroidManifest.xml:20:5-44
MERGED from [com.google.android.gms:play-services-auth:15.0.1] AndroidManifest.xml:20:5-44
MERGED from [com.google.android.gms:play-services-identity:15.0.1] AndroidManifest.xml:20:5-44
MERGED from [com.google.android.gms:play-services-identity:15.0.1] AndroidManifest.xml:20:5-44
MERGED from [com.google.firebase:firebase-messaging:17.3.3] AndroidManifest.xml:20:5-44
MERGED from [com.google.firebase:firebase-messaging:17.3.3] AndroidManifest.xml:20:5-44
MERGED from [com.google.android.gms:play-services-ads-identifier:16.0.0] AndroidManifest.xml:20:5-44
MERGED from [com.google.android.gms:play-services-ads-identifier:16.0.0] AndroidManifest.xml:20:5-44
MERGED from [com.google.android.gms:play-services-auth-api-phone:15.0.1] AndroidManifest.xml:5:5-44
MERGED from [com.google.android.gms:play-services-auth-api-phone:15.0.1] AndroidManifest.xml:5:5-44
MERGED from [com.google.android.gms:play-services-auth-base:15.0.1] AndroidManifest.xml:5:5-44
MERGED from [com.google.android.gms:play-services-auth-base:15.0.1] AndroidManifest.xml:5:5-44
MERGED from [com.google.firebase:firebase-iid:17.0.3] AndroidManifest.xml:20:5-44
MERGED from [com.google.firebase:firebase-iid:17.0.3] AndroidManifest.xml:20:5-44
MERGED from [com.google.firebase:firebase-common:16.0.3] AndroidManifest.xml:5:5-7:41
MERGED from [com.google.firebase:firebase-common:16.0.3] AndroidManifest.xml:5:5-7:41
MERGED from [com.google.firebase:firebase-measurement-connector:17.0.1] AndroidManifest.xml:20:5-44
MERGED from [com.google.firebase:firebase-measurement-connector:17.0.1] AndroidManifest.xml:20:5-44
MERGED from [com.google.android.gms:play-services-stats:16.0.1] AndroidManifest.xml:5:5-44
MERGED from [com.google.android.gms:play-services-stats:16.0.1] AndroidManifest.xml:5:5-44
MERGED from [com.google.firebase:firebase-iid-interop:16.0.1] AndroidManifest.xml:5:5-44
MERGED from [com.google.firebase:firebase-iid-interop:16.0.1] AndroidManifest.xml:5:5-44
MERGED from [com.google.android.gms:play-services-location:16.0.0] AndroidManifest.xml:5:5-44
MERGED from [com.google.android.gms:play-services-location:16.0.0] AndroidManifest.xml:5:5-44
MERGED from [com.google.android.gms:play-services-places-placereport:16.0.0] AndroidManifest.xml:20:5-44
MERGED from [com.google.android.gms:play-services-places-placereport:16.0.0] AndroidManifest.xml:20:5-44
MERGED from [com.google.android.gms:play-services-base:16.0.1] AndroidManifest.xml:20:5-44
MERGED from [com.google.android.gms:play-services-base:16.0.1] AndroidManifest.xml:20:5-44
MERGED from [com.google.android.gms:play-services-tasks:16.0.1] AndroidManifest.xml:5:5-44
MERGED from [com.google.android.gms:play-services-tasks:16.0.1] AndroidManifest.xml:5:5-44
MERGED from [com.google.android.gms:play-services-basement:16.0.1] AndroidManifest.xml:20:5-44
MERGED from [com.google.android.gms:play-services-basement:16.0.1] AndroidManifest.xml:20:5-44
MERGED from [com.android.support:support-v4:27.1.1] AndroidManifest.xml:20:5-44
MERGED from [com.android.support:support-v4:27.1.1] AndroidManifest.xml:20:5-44
MERGED from [com.android.support:support-media-compat:27.1.1] AndroidManifest.xml:20:5-44
MERGED from [com.android.support:support-media-compat:27.1.1] AndroidManifest.xml:20:5-44
MERGED from [com.android.support:support-fragment:27.1.1] AndroidManifest.xml:20:5-44
MERGED from [com.android.support:support-fragment:27.1.1] AndroidManifest.xml:20:5-44
MERGED from [com.android.support:animated-vector-drawable:27.1.1] AndroidManifest.xml:20:5-44
MERGED from [com.android.support:animated-vector-drawable:27.1.1] AndroidManifest.xml:20:5-44
MERGED from [com.android.support:customtabs:27.1.1] AndroidManifest.xml:20:5-44
MERGED from [com.android.support:customtabs:27.1.1] AndroidManifest.xml:20:5-44
MERGED from [com.android.support:support-core-ui:27.1.1] AndroidManifest.xml:20:5-44
MERGED from [com.android.support:support-core-ui:27.1.1] AndroidManifest.xml:20:5-44
MERGED from [com.facebook.android:facebook-places:5.13.0] AndroidManifest.xml:24:5-26:41
MERGED from [com.facebook.android:facebook-places:5.13.0] AndroidManifest.xml:24:5-26:41
MERGED from [com.facebook.android:facebook-applinks:5.13.0] AndroidManifest.xml:24:5-26:41
MERGED from [com.facebook.android:facebook-applinks:5.13.0] AndroidManifest.xml:24:5-26:41
MERGED from [com.facebook.android:facebook-messenger:5.13.0] AndroidManifest.xml:24:5-26:41
MERGED from [com.facebook.android:facebook-messenger:5.13.0] AndroidManifest.xml:24:5-26:41
MERGED from [com.facebook.android:facebook-core:5.13.0] AndroidManifest.xml:24:5-26:41
MERGED from [com.facebook.android:facebook-core:5.13.0] AndroidManifest.xml:24:5-26:41
MERGED from [com.android.support:support-core-utils:27.1.1] AndroidManifest.xml:20:5-44
MERGED from [com.android.support:support-core-utils:27.1.1] AndroidManifest.xml:20:5-44
MERGED from [com.android.support:support-vector-drawable:27.1.1] AndroidManifest.xml:20:5-44
MERGED from [com.android.support:support-vector-drawable:27.1.1] AndroidManifest.xml:20:5-44
MERGED from [com.android.support:support-compat:27.1.1] AndroidManifest.xml:20:5-44
MERGED from [com.android.support:support-compat:27.1.1] AndroidManifest.xml:20:5-44
MERGED from [com.android.support:cardview-v7:27.1.1] AndroidManifest.xml:20:5-44
MERGED from [com.android.support:cardview-v7:27.1.1] AndroidManifest.xml:20:5-44
MERGED from [:CordovaLib] AndroidManifest.xml:25:5-44
MERGED from [:CordovaLib] AndroidManifest.xml:25:5-44
MERGED from [android.arch.lifecycle:runtime:1.1.0] AndroidManifest.xml:20:5-44
MERGED from [android.arch.lifecycle:runtime:1.1.0] AndroidManifest.xml:20:5-44
MERGED from [android.arch.lifecycle:livedata-core:1.1.0] AndroidManifest.xml:20:5-44
MERGED from [android.arch.lifecycle:livedata-core:1.1.0] AndroidManifest.xml:20:5-44
MERGED from [android.arch.lifecycle:viewmodel:1.1.0] AndroidManifest.xml:20:5-44
MERGED from [android.arch.lifecycle:viewmodel:1.1.0] AndroidManifest.xml:20:5-44
MERGED from [android.arch.core:runtime:1.1.0] AndroidManifest.xml:20:5-44
MERGED from [android.arch.core:runtime:1.1.0] AndroidManifest.xml:20:5-44
INJECTED from src\main\AndroidManifest.xml:53:5-74
	android:targetSdkVersion
		ADDED from src\main\AndroidManifest.xml:53:42-71
	android:minSdkVersion
		ADDED from src\main\AndroidManifest.xml:53:15-41
		INJECTED from src\main\AndroidManifest.xml
		INJECTED from src\main\AndroidManifest.xml
uses-permission#android.permission.WRITE_EXTERNAL_STORAGE
ADDED from src\main\AndroidManifest.xml:54:5-81
	android:name
		ADDED from src\main\AndroidManifest.xml:54:22-78
uses-permission#android.permission.ACCESS_COARSE_LOCATION
ADDED from src\main\AndroidManifest.xml:55:5-81
	android:name
		ADDED from src\main\AndroidManifest.xml:55:22-78
uses-permission#android.permission.ACCESS_FINE_LOCATION
ADDED from src\main\AndroidManifest.xml:56:5-79
	android:name
		ADDED from src\main\AndroidManifest.xml:56:22-76
uses-feature#android.hardware.location.gps
ADDED from src\main\AndroidManifest.xml:57:5-66
	android:name
		ADDED from src\main\AndroidManifest.xml:57:19-63
uses-permission#android.permission.BLUETOOTH
ADDED from src\main\AndroidManifest.xml:58:5-68
	android:name
		ADDED from src\main\AndroidManifest.xml:58:22-65
uses-permission#com.amazon.device.messaging.permission.RECEIVE
ADDED from src\main\AndroidManifest.xml:59:5-86
	android:name
		ADDED from src\main\AndroidManifest.xml:59:22-83
permission#com.gowebbi.v27market.permission.RECEIVE_ADM_MESSAGE
ADDED from src\main\AndroidManifest.xml:60:5-123
	android:protectionLevel
		ADDED from src\main\AndroidManifest.xml:60:85-120
	android:name
		ADDED from src\main\AndroidManifest.xml:60:17-84
uses-permission#com.gowebbi.v27market.permission.RECEIVE_ADM_MESSAGE
ADDED from src\main\AndroidManifest.xml:61:5-92
	android:name
		ADDED from src\main\AndroidManifest.xml:61:22-89
uses-permission#android.permission.GET_ACCOUNTS
ADDED from src\main\AndroidManifest.xml:62:5-71
	android:name
		ADDED from src\main\AndroidManifest.xml:62:22-68
uses-permission#android.permission.USE_CREDENTIALS
ADDED from src\main\AndroidManifest.xml:63:5-74
	android:name
		ADDED from src\main\AndroidManifest.xml:63:22-71
uses-permission#android.permission.ACCESS_NETWORK_STATE
ADDED from src\main\AndroidManifest.xml:64:5-79
MERGED from [com.onesignal:OneSignal:3.12.4] AndroidManifest.xml:24:5-79
MERGED from [com.onesignal:OneSignal:3.12.4] AndroidManifest.xml:24:5-79
MERGED from [com.google.firebase:firebase-iid:17.0.3] AndroidManifest.xml:22:5-79
MERGED from [com.google.firebase:firebase-iid:17.0.3] AndroidManifest.xml:22:5-79
	android:name
		ADDED from src\main\AndroidManifest.xml:64:22-76
meta-data#android.support.FILE_PROVIDER_PATHS
ADDED from src\main\AndroidManifest.xml:29:13-123
	android:resource
		ADDED from src\main\AndroidManifest.xml:29:75-120
	android:name
		ADDED from src\main\AndroidManifest.xml:29:24-74
activity#com.facebook.CustomTabMainActivity
ADDED from [com.facebook.android:facebook-common:5.13.0] AndroidManifest.xml:33:9-71
	android:name
		ADDED from [com.facebook.android:facebook-common:5.13.0] AndroidManifest.xml:33:19-68
activity#com.facebook.CustomTabActivity
ADDED from [com.facebook.android:facebook-common:5.13.0] AndroidManifest.xml:34:9-67
	android:name
		ADDED from [com.facebook.android:facebook-common:5.13.0] AndroidManifest.xml:34:19-64
permission#${applicationId}.permission.C2D_MESSAGE
ADDED from [com.onesignal:OneSignal:3.12.4] AndroidManifest.xml:7:5-9:47
	android:protectionLevel
		ADDED from [com.onesignal:OneSignal:3.12.4] AndroidManifest.xml:9:9-44
	android:name
		ADDED from [com.onesignal:OneSignal:3.12.4] AndroidManifest.xml:8:9-63
permission#com.gowebbi.v27market.permission.C2D_MESSAGE
ADDED from [com.onesignal:OneSignal:3.12.4] AndroidManifest.xml:7:5-9:47
	android:protectionLevel
		ADDED from [com.onesignal:OneSignal:3.12.4] AndroidManifest.xml:9:9-44
	android:name
		ADDED from [com.onesignal:OneSignal:3.12.4] AndroidManifest.xml:8:9-63
uses-permission#${applicationId}.permission.C2D_MESSAGE
ADDED from [com.onesignal:OneSignal:3.12.4] AndroidManifest.xml:11:5-79
	android:name
		ADDED from [com.onesignal:OneSignal:3.12.4] AndroidManifest.xml:11:22-76
uses-permission#com.gowebbi.v27market.permission.C2D_MESSAGE
ADDED from [com.onesignal:OneSignal:3.12.4] AndroidManifest.xml:11:5-79
	android:name
		ADDED from [com.onesignal:OneSignal:3.12.4] AndroidManifest.xml:11:22-76
uses-permission#com.google.android.c2dm.permission.RECEIVE
ADDED from [com.onesignal:OneSignal:3.12.4] AndroidManifest.xml:17:5-82
MERGED from [com.google.firebase:firebase-iid:17.0.3] AndroidManifest.xml:26:5-82
MERGED from [com.google.firebase:firebase-iid:17.0.3] AndroidManifest.xml:26:5-82
	android:name
		ADDED from [com.onesignal:OneSignal:3.12.4] AndroidManifest.xml:17:22-79
uses-permission#android.permission.WAKE_LOCK
ADDED from [com.onesignal:OneSignal:3.12.4] AndroidManifest.xml:18:5-68
MERGED from [com.google.firebase:firebase-iid:17.0.3] AndroidManifest.xml:24:5-68
MERGED from [com.google.firebase:firebase-iid:17.0.3] AndroidManifest.xml:24:5-68
	android:name
		ADDED from [com.onesignal:OneSignal:3.12.4] AndroidManifest.xml:18:22-65
uses-permission#android.permission.VIBRATE
ADDED from [com.onesignal:OneSignal:3.12.4] AndroidManifest.xml:23:5-66
	android:name
		ADDED from [com.onesignal:OneSignal:3.12.4] AndroidManifest.xml:23:22-63
uses-permission#android.permission.RECEIVE_BOOT_COMPLETED
ADDED from [com.onesignal:OneSignal:3.12.4] AndroidManifest.xml:29:5-81
	android:name
		ADDED from [com.onesignal:OneSignal:3.12.4] AndroidManifest.xml:29:22-78
uses-permission#com.sec.android.provider.badge.permission.READ
ADDED from [com.onesignal:OneSignal:3.12.4] AndroidManifest.xml:31:5-86
	android:name
		ADDED from [com.onesignal:OneSignal:3.12.4] AndroidManifest.xml:31:22-83
uses-permission#com.sec.android.provider.badge.permission.WRITE
ADDED from [com.onesignal:OneSignal:3.12.4] AndroidManifest.xml:32:5-87
	android:name
		ADDED from [com.onesignal:OneSignal:3.12.4] AndroidManifest.xml:32:22-84
uses-permission#com.htc.launcher.permission.READ_SETTINGS
ADDED from [com.onesignal:OneSignal:3.12.4] AndroidManifest.xml:33:5-81
	android:name
		ADDED from [com.onesignal:OneSignal:3.12.4] AndroidManifest.xml:33:22-78
uses-permission#com.htc.launcher.permission.UPDATE_SHORTCUT
ADDED from [com.onesignal:OneSignal:3.12.4] AndroidManifest.xml:34:5-83
	android:name